I001 [*] Import block is un-sorted or un-formatted
  --> apps/api/src/edu_grader_api/services/curriculum_imports.py:1:1
   |
 1 | / from __future__ import annotations
 2 | |
 3 | | import csv
 4 | | import hashlib
 5 | | import io
 6 | | import json
 7 | | from datetime import date
 8 | |
 9 | | from pydantic import BaseModel, Field, field_validator
10 | | from sqlalchemy import func, select
11 | | from sqlalchemy.orm import Session
12 | |
13 | | from ..models import (
14 | |     CurriculumActivityType,
15 | |     CurriculumGradeMapping,
16 | |     CurriculumImportBatch,
17 | |     CurriculumImportStatus,
18 | |     CurriculumObjective,
19 | |     CurriculumObjectiveRevision,
20 | |     CurriculumProfile,
21 | |     CurriculumProfileStatus,
22 | |     CurriculumPrerequisite,
23 | |     CurriculumRevisionStatus,
24 | |     CurriculumSourceRecord,
25 | |     User,
26 | |     utc_now,
27 | | )
28 | | from .curriculum import (
29 | |     CurriculumValidationError,
30 | |     activate_objective_revision,
31 | |     create_objective_revision,
32 | |     create_prerequisite,
33 | |     validate_revision_payload,
34 | | )
35 | | from .grade_complexity import validate_grade_complexity_rules_document
   | |______________________________________________________________________^
   |
help: Organize imports
   |
19 |     CurriculumObjectiveRevision,
20 +     CurriculumPrerequisite,
21 |     CurriculumProfile,
22 |     CurriculumProfileStatus,
   -     CurriculumPrerequisite,
23 |     CurriculumRevisionStatus,
   |

I001 [*] Import block is un-sorted or un-formatted
  --> apps/api/src/edu_grader_api/services/grade_complexity.py:3:1
   |
 1 |   """Versioned, de-identified grade-complexity rules and signals."""
 2 |
 3 | / from __future__ import annotations
 4 | |
 5 | | from dataclasses import dataclass
 6 | | from decimal import Decimal
 7 | | import math
 8 | | import re
 9 | | from typing import Iterable, Literal, Mapping
   | |_____________________________________________^
10 |
11 |   CURRENT_GRADE_COMPLEXITY_RULESET_VERSION = "grade-complexity-v1"
   |
help: Organize imports
  |
4 |
5 + import math
6 + import re
7 | from dataclasses import dataclass
8 | from decimal import Decimal
  - import math
  - import re
9 | from typing import Iterable, Literal, Mapping
  |

UP035 [*] Import from `collections.abc` instead: `Iterable`, `Mapping`
  --> apps/api/src/edu_grader_api/services/grade_complexity.py:9:1
   |
 7 | import math
 8 | import re
 9 | from typing import Iterable, Literal, Mapping
   | ^^^^^^^^^^^^^^^^^^^^^^^^^^^^^^^^^^^^^^^^^^^^^
10 |
11 | CURRENT_GRADE_COMPLEXITY_RULESET_VERSION = "grade-complexity-v1"
   |
help: Import from `collections.abc`
   |
8  | import re
   - from typing import Iterable, Literal, Mapping
9  + from typing import Literal
10 + from collections.abc import Iterable, Mapping
11 |
   |

TRY004 Prefer `TypeError` exception for invalid type
  --> apps/api/src/edu_grader_api/services/grade_complexity.py:92:9
   |
91 |     if not isinstance(value, dict):
92 |         raise ValueError("invalid complexity rules")
   |         ^^^^^^^^^^^^^^^^^^^^^^^^^^^^^^^^^^^^^^^^^^^^
93 |     if "version" not in value:
94 |         if set(value) - _LEGACY_LIMIT_KEYS:
   |

PYI041 [*] Use `float` instead of `int | float`
   --> apps/api/src/edu_grader_api/services/grade_complexity.py:152:37
    |
150 |     reading_material: str,
151 |     reference_texts: Iterable[str],
152 |     maximum_numeric_absolute_value: int | float | Decimal | None,
    |                                     ^^^^^^^^^^^^^^^^^^^^^^^^^^^^
153 |     math_operation_nodes: int | None,
154 | ) -> GradeComplexityEvaluation:
    |
help: Remove redundant type
    |
151 |     reference_texts: Iterable[str],
    -     maximum_numeric_absolute_value: int | float | Decimal | None,
152 +     maximum_numeric_absolute_value: float | Decimal | None,
153 |     math_operation_nodes: int | None,
    |

I001 [*] Import block is un-sorted or un-formatted
  --> apps/api/src/edu_grader_api/services/question_verification.py:3:1
   |
 1 |   """Deterministic verification for AI-generated candidate-question drafts."""
 2 |
 3 | / from __future__ import annotations
 4 | |
 5 | | from copy import deepcopy
 6 | | from dataclasses import dataclass
 7 | | from decimal import ROUND_CEILING, ROUND_HALF_UP, Decimal, InvalidOperation, localcontext
 8 | | import json
 9 | | import math
10 | | import re
11 | | from typing import Callable, Literal, Protocol
12 | | import unicodedata
13 | | from uuid import UUID
14 | |
15 | | from sqlalchemy import and_, func, select
16 | | from sqlalchemy.orm import Session
17 | |
18 | | from ..models import (
19 | |     CurriculumProfileStatus,
20 | |     CurriculumRevisionStatus,
21 | |     GeneratedQuestionDraft,
22 | |     GeneratedQuestionDraftRevision,
23 | |     GenerationJob,
24 | |     GenerationValidationRun,
25 | |     Question,
26 | |     QuestionVersion,
27 | |     ValidationFinding,
28 | |     ValidationFindingSeverity,
29 | |     ValidationRunStatus,
30 | |     VersionStatus,
31 | | )
32 | | from ..policies import validate_policy
33 | | from ..settings import settings
34 | | from .candidate_content_policy import (
35 | |     CONTENT_POLICY_VERSION,
36 | |     find_candidate_content_matches,
37 | | )
38 | | from .grade_complexity import (
39 | |     evaluate_grade_complexity,
40 | |     unavailable_grade_complexity_signal,
41 | | )
42 | | from .grader import EmbeddingDependencyVersion, SemanticSimilarityResult
43 | | from .question_fingerprints import FINGERPRINT_VERSION, PromptFingerprints, fingerprint_prompt
44 | | from .questions import GradeResult
   | |__________________________________^
   |
help: Organize imports
   |
4  |
   - from copy import deepcopy
   - from dataclasses import dataclass
   - from decimal import ROUND_CEILING, ROUND_HALF_UP, Decimal, InvalidOperation, localcontext
5  | import json
6  | import math
7  | import re
   - from typing import Callable, Literal, Protocol
8  | import unicodedata
9  + from copy import deepcopy
10 + from dataclasses import dataclass
11 + from decimal import ROUND_CEILING, ROUND_HALF_UP, Decimal, InvalidOperation, localcontext
12 + from typing import Callable, Literal, Protocol
13 | from uuid import UUID
--------------------------------------------------------------------------------
44 | from .questions import GradeResult
   -
45 |
   |

UP035 [*] Import from `collections.abc` instead: `Callable`
  --> apps/api/src/edu_grader_api/services/question_verification.py:11:1
   |
 9 | import math
10 | import re
11 | from typing import Callable, Literal, Protocol
   | ^^^^^^^^^^^^^^^^^^^^^^^^^^^^^^^^^^^^^^^^^^^^^^
12 | import unicodedata
13 | from uuid import UUID
   |
help: Import from `collections.abc`
   |
10 | import re
   - from typing import Callable, Literal, Protocol
11 + from typing import Literal, Protocol
12 + from collections.abc import Callable
13 | import unicodedata
   |

BLE001 Do not catch blind exception: `Exception`
   --> apps/api/src/edu_grader_api/services/question_verification.py:176:12
    |
174 |             duplicate_snapshot=duplicate_snapshot,
175 |         )
176 |     except Exception:
    |            ^^^^^^^^^
177 |         evaluation = _CandidateEvaluation(
178 |             findings=[
    |

BLE001 Do not catch blind exception: `Exception`
   --> apps/api/src/edu_grader_api/services/question_verification.py:464:16
    |
462 |                     else result.decision == "auto_rejected" and score == 0
463 |                 )
464 |         except Exception:
    |                ^^^^^^^^^
465 |             probe_passed = False
466 |         if not probe_passed and first_failure is None:
    |

PYI041 [*] Use `float` instead of `int | float`
   --> apps/api/src/edu_grader_api/services/question_verification.py:494:26
    |
494 | def _m1_probes(expected: int | float, tolerance: int | float) -> tuple[_M1Probe, ...]:
    |                          ^^^^^^^^^^^
495 |     try:
496 |         expected_decimal = Decimal(str(expected))
    |
help: Remove redundant type
    |
493 |
    - def _m1_probes(expected: int | float, tolerance: int | float) -> tuple[_M1Probe, ...]:
494 + def _m1_probes(expected: float, tolerance: int | float) -> tuple[_M1Probe, ...]:
495 |     try:
    |

PYI041 [*] Use `float` instead of `int | float`
   --> apps/api/src/edu_grader_api/services/question_verification.py:494:50
    |
494 | def _m1_probes(expected: int | float, tolerance: int | float) -> tuple[_M1Probe, ...]:
    |                                                  ^^^^^^^^^^^
495 |     try:
496 |         expected_decimal = Decimal(str(expected))
    |
help: Remove redundant type
    |
493 |
    - def _m1_probes(expected: int | float, tolerance: int | float) -> tuple[_M1Probe, ...]:
494 + def _m1_probes(expected: int | float, tolerance: float) -> tuple[_M1Probe, ...]:
495 |     try:
    |

PYI041 [*] Use `float` instead of `int | float`
   --> apps/api/src/edu_grader_api/services/question_verification.py:796:31
    |
795 | def _difficulty_feature(
796 |     feature_type: str, value: Decimal | int | float, contribution: float
    |                               ^^^^^^^^^^^^^^^^^^^^^
797 | ) -> dict[str, int | float | str]:
798 |     return {
    |
help: Remove redundant type
    |
795 | def _difficulty_feature(
    -     feature_type: str, value: Decimal | int | float, contribution: float
796 +     feature_type: str, value: Decimal | float, contribution: float
797 | ) -> dict[str, int | float | str]:
    |

TRY004 Prefer `TypeError` exception for invalid type
   --> apps/api/src/edu_grader_api/services/question_verification.py:901:13
    |
899 |             raise ValueError("safe MathJSON AST node count exceeds the supported limit")
900 |         if not isinstance(node, dict):
901 |             raise ValueError("safe MathJSON node must be an object")
    |             ^^^^^^^^^^^^^^^^^^^^^^^^^^^^^^^^^^^^^^^^^^^^^^^^^^^^^^^^
902 |         node_type = node.get("type")
903 |         if not isinstance(node_type, str) or node_type not in child_keys_by_type:
    |

TRY004 Prefer `TypeError` exception for invalid type
   --> apps/api/src/edu_grader_api/services/question_verification.py:938:9
    |
936 | def _safe_ast_number_value(value: object) -> Decimal:
937 |     if isinstance(value, bool) or not isinstance(value, str | int | float):
938 |         raise ValueError("safe MathJSON number value is invalid")
    |         ^^^^^^^^^^^^^^^^^^^^^^^^^^^^^^^^^^^^^^^^^^^^^^^^^^^^^^^^^
939 |     value_text = str(value)
940 |     if value_text.count("/") == 1:
    |

BLE001 Do not catch blind exception: `Exception`
   --> apps/api/src/edu_grader_api/services/question_verification.py:972:12
    |
970 |         )
971 |         _m2_complexity_metrics(normalized_m2_ast)
972 |     except Exception:
    |            ^^^^^^^^^
973 |         return (
974 |             [
    |

BLE001 Do not catch blind exception: `Exception`
    --> apps/api/src/edu_grader_api/services/question_verification.py:1021:16
     |
1019 |             )
1020 |             probe_passed = decision_matches and score_matches
1021 |         except Exception:
     |                ^^^^^^^^^
1022 |             probe_passed = False
1023 |         if not probe_passed and first_failure is None:
     |

BLE001 Do not catch blind exception: `Exception`
    --> apps/api/src/edu_grader_api/services/question_verification.py:1057:12
     |
1055 |         )
1056 |         _m2_complexity_metrics(asserted_ast)
1057 |     except Exception:
     |            ^^^^^^^^^
1058 |         return [_unsupported_consistency_finding("M2", "final_answer_mathjson")]
1059 |     findings: list[VerificationFinding] = []
     |

BLE001 Do not catch blind exception: `Exception`
    --> apps/api/src/edu_grader_api/services/question_verification.py:1252:12
     |
1250 |                     )
1251 |                 ]
1252 |     except Exception:
     |            ^^^^^^^^^
1253 |         return [
1254 |             _blocked(
     |

BLE001 Do not catch blind exception: `Exception`
    --> apps/api/src/edu_grader_api/services/question_verification.py:1297:16
     |
1295 |             )
1296 |             grammar_match_count = _e3_feedback_count(result)
1297 |         except Exception:
     |                ^^^^^^^^^
1298 |             return [
1299 |                 *findings,
     |

BLE001 Do not catch blind exception: `Exception`
    --> apps/api/src/edu_grader_api/services/question_verification.py:1482:20
     |
1480 |                     policy_version="2",
1481 |                 )
1482 |             except Exception:
     |                    ^^^^^^^^^
1483 |                 return [_e4_probe_failure(point_count, len(evidence_phrases))]
1484 |             if (
     |

BLE001 Do not catch blind exception: `Exception`
    --> apps/api/src/edu_grader_api/services/question_verification.py:1693:12
     |
1691 |         )
1692 |         comparators = tuple(_semantic_comparators(session, draft=draft, tenant_id=tenant_id))
1693 |     except Exception:
     |            ^^^^^^^^^
1694 |         return _DuplicateSnapshot(
1695 |             threshold=threshold,
     |

BLE001 Do not catch blind exception: `Exception`
    --> apps/api/src/edu_grader_api/services/question_verification.py:1796:12
     |
1794 |                 ]
1795 |         return []
1796 |     except Exception:
     |            ^^^^^^^^^
1797 |         return [_duplicate_unavailable_finding()]
     |

TRY004 Prefer `TypeError` exception for invalid type
    --> apps/api/src/edu_grader_api/services/question_verification.py:1844:13
     |
1842 |         prompt = candidate.get("prompt")
1843 |         if not isinstance(prompt, str):
1844 |             raise ValueError("batch candidate prompt is invalid")
     |             ^^^^^^^^^^^^^^^^^^^^^^^^^^^^^^^^^^^^^^^^^^^^^^^^^^^^^
1845 |         fingerprints = fingerprint_prompt(prompt)
1846 |         peer_fingerprint = (
     |

I001 [*] Import block is un-sorted or un-formatted
  --> apps/api/tests/test_question_verification.py:1:1
   |
 1 | / import importlib.util
 2 | | import json
 3 | | from copy import deepcopy
 4 | | from decimal import Decimal
 5 | | from uuid import uuid4
 6 | |
 7 | | import pytest
 8 | | from edu_grader.mathjson import normalize_mathjson
 9 | | from sqlalchemy import create_engine, select
10 | | from sqlalchemy.orm import Session
11 | |
12 | | from edu_grader_api.e2e_support import DeterministicE2EGraderClient
13 | | from edu_grader_api.models import (
14 | |     Base,
15 | |     CurriculumActivityType,
16 | |     CurriculumGradeMapping,
17 | |     CurriculumObjective,
18 | |     CurriculumObjectiveRevision,
19 | |     CurriculumProfile,
20 | |     CurriculumProfileStatus,
21 | |     CurriculumRevisionStatus,
22 | |     CurriculumSourceRecord,
23 | |     GenerationAttempt,
24 | |     GenerationJob,
25 | |     GenerationJobStatus,
26 | |     GenerationValidationRun,
27 | |     GeneratedQuestionDraft,
28 | |     GeneratedQuestionDraftRevision,
29 | |     GradingPolicy,
30 | |     Question,
31 | |     QuestionVersion,
32 | |     Role,
33 | |     Tenant,
34 | |     User,
35 | |     ValidationRunStatus,
36 | |     VersionStatus,
37 | | )
38 | | from edu_grader_api.services.questions import GradeResult
39 | | from edu_grader_api.services.grader import (
40 | |     EmbeddingDependencyVersion,
41 | |     SemanticSimilarityResult,
42 | | )
43 | | from edu_grader_api.services.question_fingerprints import fingerprint_prompt
44 | | import edu_grader_api.services.question_verification as verification
   | |____________________________________________________________________^
   |
help: Organize imports
   |
11 |
12 + import edu_grader_api.services.question_verification as verification
13 | from edu_grader_api.e2e_support import DeterministicE2EGraderClient
--------------------------------------------------------------------------------
23 |     CurriculumSourceRecord,
24 +     GeneratedQuestionDraft,
25 +     GeneratedQuestionDraftRevision,
26 |     GenerationAttempt,
27 |     GenerationJob,
28 |     GenerationJobStatus,
29 |     GenerationValidationRun,
   -     GeneratedQuestionDraft,
   -     GeneratedQuestionDraftRevision,
30 |     GradingPolicy,
--------------------------------------------------------------------------------
38 | )
   - from edu_grader_api.services.questions import GradeResult
39 | from edu_grader_api.services.grader import (
--------------------------------------------------------------------------------
43 | from edu_grader_api.services.question_fingerprints import fingerprint_prompt
   - import edu_grader_api.services.question_verification as verification
   -
44 + from edu_grader_api.services.questions import GradeResult
45 |
   |

FURB157 [*] Verbose expression in `Decimal` constructor
    --> apps/api/tests/test_question_verification.py:2643:65
     |
2641 |         ],
2642 |     }
2643 |     assert verification._m2_complexity_metrics(ast) == (Decimal("1"), 1)
     |                                                                 ^^^
     |
help: Replace with `1`
     |
2642 |     }
     -     assert verification._m2_complexity_metrics(ast) == (Decimal("1"), 1)
2643 +     assert verification._m2_complexity_metrics(ast) == (Decimal(1), 1)
2644 |
     |

Found 25 errors.
[*] 11 fixable with the `--fix` option.
.........F.............................................................. [ 30%]
........................................................................ [ 60%]
.....................................................F.....F............ [ 90%]
.......................                                                  [100%]
=================================== FAILURES ===================================
_ test_numeric_complexity_preserves_decimal_comparison_before_json_safe_summary _

    def test_numeric_complexity_preserves_decimal_comparison_before_json_safe_summary() -> None:
        evaluation = evaluate_grade_complexity(
            {"max_numeric_absolute_value": 10},
            prompt="Find the value.",
            reading_material="",
            reference_texts=(),
            maximum_numeric_absolute_value=Decimal("10.0000000000000001"),
            math_operation_nodes=2,
        )
    
>       assert evaluation.violations == ("max_numeric_absolute_value",)
E       AssertionError: assert () == ('max_numeric...olute_value',)
E         
E         Right contains one more item: 'max_numeric_absolute_value'
E         
E         Full diff:
E         + ()
E         - (
E         -     'max_numeric_absolute_value',
E         - )

apps/api/tests/test_grade_complexity.py:150: AssertionError
_ test_grade_complexity_compares_m2_numeric_values_as_decimals_before_serializing _

    def test_grade_complexity_compares_m2_numeric_values_as_decimals_before_serializing() -> None:
        findings = verification._grade_complexity_findings(
            rules={"max_numeric_absolute_value": 10},
            grade_level="G5",
            prompt="Find the value.",
            question_type="M2",
            rule_json={},
            normalized_m2_ast={"type": "number", "value": "10.0000000000000001"},
        )
    
>       assert [finding.code for finding in findings] == ["grade_complexity_warning"]
E       AssertionError: assert [] == ['grade_complexity_warning']
E         
E         Right contains one more item: 'grade_complexity_warning'
E         
E         Full diff:
E         + []
E         - [
E         -     'grade_complexity_warning',
E         - ]

apps/api/tests/test_question_verification.py:2458: AssertionError
____________ test_m2_rational_safe_ast_supports_numeric_complexity _____________

session = <sqlalchemy.orm.session.Session object at 0x7fd975c73890>

    def test_m2_rational_safe_ast_supports_numeric_complexity(session: Session) -> None:
        draft = generation_draft(
            session, allowed_question_types=["M2"], candidate_json=valid_m2_candidate()
        )
        configure_grade_complexity_rules(session, draft, {"max_numeric_absolute_value": 1})
        grader = SafeAstM2Grader({"type": "number", "value": "3/2"})
    
        run = verify_current_revision(session, draft=draft, grader_client=grader)
    
        assert "m2_mathjson_invalid" not in finding_codes(run)
>       finding = next(item for item in run.findings if item.code == "grade_complexity_warning")
                  ^^^^^^^^^^^^^^^^^^^^^^^^^^^^^^^^^^^^^^^^^^^^^^^^^^^^^^^^^^^^^^^^^^^^^^^^^^^^^^
E       StopIteration

apps/api/tests/test_question_verification.py:2599: StopIteration
=========================== short test summary info ============================
FAILED apps/api/tests/test_grade_complexity.py::test_numeric_complexity_preserves_decimal_comparison_before_json_safe_summary - AssertionError: assert () == ('max_numeric...olute_value',)
  
  Right contains one more item: 'max_numeric_absolute_value'
  
  Full diff:
  + ()
  - (
  -     'max_numeric_absolute_value',
  - )
FAILED apps/api/tests/test_question_verification.py::test_grade_complexity_compares_m2_numeric_values_as_decimals_before_serializing - AssertionError: assert [] == ['grade_complexity_warning']
  
  Right contains one more item: 'grade_complexity_warning'
  
  Full diff:
  + []
  - [
  -     'grade_complexity_warning',
  - ]
FAILED apps/api/tests/test_question_verification.py::test_m2_rational_safe_ast_supports_numeric_complexity - StopIteration
3 failed, 236 passed in 12.51s
